d:\mycode\tmpfile\vseasyx2048\vseasyx2048\vseasyx2048\x64\debug\vc143.pdb
d:\mycode\tmpfile\vseasyx2048\vseasyx2048\vseasyx2048\x64\debug\vc143.idb
d:\mycode\tmpfile\vseasyx2048\vseasyx2048\vseasyx2048\x64\debug\vseasyx2048.obj
d:\mycode\tmpfile\vseasyx2048\vseasyx2048\vseasyx2048\x64\debug\game_logic.obj
d:\mycode\tmpfile\vseasyx2048\vseasyx2048\vseasyx2048\x64\debug\game_draw.obj
d:\mycode\tmpfile\vseasyx2048\vseasyx2048\x64\debug\vseasyx2048.lib
d:\mycode\tmpfile\vseasyx2048\vseasyx2048\vseasyx2048\x64\debug\vseasyx2048.ilk
d:\mycode\tmpfile\vseasyx2048\vseasyx2048\x64\debug\vseasyx2048.pdb
d:\mycode\tmpfile\vseasyx2048\vseasyx2048\vseasyx2048\x64\debug\vseasyx2048.tlog\cl.command.1.tlog
d:\mycode\tmpfile\vseasyx2048\vseasyx2048\vseasyx2048\x64\debug\vseasyx2048.tlog\cl.items.tlog
d:\mycode\tmpfile\vseasyx2048\vseasyx2048\vseasyx2048\x64\debug\vseasyx2048.tlog\cl.read.1.tlog
d:\mycode\tmpfile\vseasyx2048\vseasyx2048\vseasyx2048\x64\debug\vseasyx2048.tlog\cl.write.1.tlog
d:\mycode\tmpfile\vseasyx2048\vseasyx2048\vseasyx2048\x64\debug\vseasyx2048.tlog\lib-link.read.1.tlog
d:\mycode\tmpfile\vseasyx2048\vseasyx2048\vseasyx2048\x64\debug\vseasyx2048.tlog\lib-link.write.1.tlog
d:\mycode\tmpfile\vseasyx2048\vseasyx2048\vseasyx2048\x64\debug\vseasyx2048.tlog\lib.command.1.tlog
d:\mycode\tmpfile\vseasyx2048\vseasyx2048\vseasyx2048\x64\debug\vseasyx2048.tlog\link.46816-cvtres.read.1.tlog
d:\mycode\tmpfile\vseasyx2048\vseasyx2048\vseasyx2048\x64\debug\vseasyx2048.tlog\link.46816-cvtres.write.1.tlog
d:\mycode\tmpfile\vseasyx2048\vseasyx2048\vseasyx2048\x64\debug\vseasyx2048.tlog\link.46816-mt.read.1.tlog
d:\mycode\tmpfile\vseasyx2048\vseasyx2048\vseasyx2048\x64\debug\vseasyx2048.tlog\link.46816-mt.write.1.tlog
d:\mycode\tmpfile\vseasyx2048\vseasyx2048\vseasyx2048\x64\debug\vseasyx2048.tlog\link.46816-rc.read.1.tlog
d:\mycode\tmpfile\vseasyx2048\vseasyx2048\vseasyx2048\x64\debug\vseasyx2048.tlog\link.46816-rc.write.1.tlog
d:\mycode\tmpfile\vseasyx2048\vseasyx2048\vseasyx2048\x64\debug\vseasyx2048.tlog\link.46816.read.1.tlog
d:\mycode\tmpfile\vseasyx2048\vseasyx2048\vseasyx2048\x64\debug\vseasyx2048.tlog\link.46816.read.2.tlog
d:\mycode\tmpfile\vseasyx2048\vseasyx2048\vseasyx2048\x64\debug\vseasyx2048.tlog\link.46816.read.4.tlog
d:\mycode\tmpfile\vseasyx2048\vseasyx2048\vseasyx2048\x64\debug\vseasyx2048.tlog\link.46816.read.5.tlog
d:\mycode\tmpfile\vseasyx2048\vseasyx2048\vseasyx2048\x64\debug\vseasyx2048.tlog\link.46816.read.6.tlog
d:\mycode\tmpfile\vseasyx2048\vseasyx2048\vseasyx2048\x64\debug\vseasyx2048.tlog\link.46816.write.1.tlog
d:\mycode\tmpfile\vseasyx2048\vseasyx2048\vseasyx2048\x64\debug\vseasyx2048.tlog\link.command.1.tlog
d:\mycode\tmpfile\vseasyx2048\vseasyx2048\vseasyx2048\x64\debug\vseasyx2048.tlog\link.read.1.tlog
d:\mycode\tmpfile\vseasyx2048\vseasyx2048\vseasyx2048\x64\debug\vseasyx2048.tlog\link.secondary.1.tlog
d:\mycode\tmpfile\vseasyx2048\vseasyx2048\vseasyx2048\x64\debug\vseasyx2048.tlog\link.write.1.tlog
